<?xml version="1.0" encoding="UTF-8"?>
<testsuite xmlns:xsi="http://www.w3.org/2001/XMLSchema-instance" xsi:noNamespaceSchemaLocation="https://maven.apache.org/surefire/maven-surefire-plugin/xsd/surefire-test-report.xsd" name="edu.bsu.cs420.javaships.ShipTest" time="0.465" tests="10" errors="0" skipped="0" failures="0">
  <properties>
    <property name="sun.desktop" value="windows"/>
    <property name="awt.toolkit" value="sun.awt.windows.WToolkit"/>
    <property name="java.specification.version" value="10"/>
    <property name="file.encoding.pkg" value="sun.io"/>
    <property name="sun.cpu.isalist" value="amd64"/>
    <property name="sun.jnu.encoding" value="Cp1252"/>
    <property name="java.class.path" value="C:\MAMP\htdocs\Knuth\javaships\target\test-classes;C:\MAMP\htdocs\Knuth\javaships\target\classes;C:\Users\Clayton Mercer\.m2\repository\javax\javaee-api\8.0\javaee-api-8.0.jar;C:\Users\Clayton Mercer\.m2\repository\com\sun\mail\javax.mail\1.6.0\javax.mail-1.6.0.jar;C:\Users\Clayton Mercer\.m2\repository\javax\activation\activation\1.1\activation-1.1.jar;C:\Users\Clayton Mercer\.m2\repository\javax\json\javax.json-api\1.1.4\javax.json-api-1.1.4.jar;C:\Users\Clayton Mercer\.m2\repository\org\glassfish\main\extras\glassfish-embedded-all\5.1.0\glassfish-embedded-all-5.1.0.jar;C:\Users\Clayton Mercer\.m2\repository\org\junit\jupiter\junit-jupiter-api\5.4.2\junit-jupiter-api-5.4.2.jar;C:\Users\Clayton Mercer\.m2\repository\org\apiguardian\apiguardian-api\1.0.0\apiguardian-api-1.0.0.jar;C:\Users\Clayton Mercer\.m2\repository\org\opentest4j\opentest4j\1.1.1\opentest4j-1.1.1.jar;C:\Users\Clayton Mercer\.m2\repository\org\junit\jupiter\junit-jupiter-engine\5.4.2\junit-jupiter-engine-5.4.2.jar;C:\Users\Clayton Mercer\.m2\repository\org\junit\platform\junit-platform-engine\1.4.2\junit-platform-engine-1.4.2.jar;C:\Users\Clayton Mercer\.m2\repository\org\junit\platform\junit-platform-commons\1.5.2\junit-platform-commons-1.5.2.jar;"/>
    <property name="java.vm.vendor" value="&quot;Oracle Corporation&quot;"/>
    <property name="sun.arch.data.model" value="64"/>
    <property name="user.variant" value=""/>
    <property name="java.vendor.url" value="http://java.oracle.com/"/>
    <property name="user.timezone" value="America/Indianapolis"/>
    <property name="java.vm.specification.version" value="10"/>
    <property name="os.name" value="Windows 10"/>
    <property name="sun.java.launcher" value="SUN_STANDARD"/>
    <property name="user.country" value="US"/>
    <property name="sun.boot.library.path" value="C:\Program Files\Java\jdk-10.0.2\bin"/>
    <property name="sun.java.command" value="C:\Users\CLAYTO~1\AppData\Local\Temp\surefire7447890067097152477\surefirebooter899037963571597839.jar C:\Users\Clayton Mercer\AppData\Local\Temp\surefire7447890067097152477 2020-03-19T21-56-09_922-jvmRun1 surefire6731571619971210130tmp surefire_05054974027188982431tmp"/>
    <property name="jdk.debug" value="release"/>
    <property name="surefire.test.class.path" value="C:\MAMP\htdocs\Knuth\javaships\target\test-classes;C:\MAMP\htdocs\Knuth\javaships\target\classes;C:\Users\Clayton Mercer\.m2\repository\javax\javaee-api\8.0\javaee-api-8.0.jar;C:\Users\Clayton Mercer\.m2\repository\com\sun\mail\javax.mail\1.6.0\javax.mail-1.6.0.jar;C:\Users\Clayton Mercer\.m2\repository\javax\activation\activation\1.1\activation-1.1.jar;C:\Users\Clayton Mercer\.m2\repository\javax\json\javax.json-api\1.1.4\javax.json-api-1.1.4.jar;C:\Users\Clayton Mercer\.m2\repository\org\glassfish\main\extras\glassfish-embedded-all\5.1.0\glassfish-embedded-all-5.1.0.jar;C:\Users\Clayton Mercer\.m2\repository\org\junit\jupiter\junit-jupiter-api\5.4.2\junit-jupiter-api-5.4.2.jar;C:\Users\Clayton Mercer\.m2\repository\org\apiguardian\apiguardian-api\1.0.0\apiguardian-api-1.0.0.jar;C:\Users\Clayton Mercer\.m2\repository\org\opentest4j\opentest4j\1.1.1\opentest4j-1.1.1.jar;C:\Users\Clayton Mercer\.m2\repository\org\junit\jupiter\junit-jupiter-engine\5.4.2\junit-jupiter-engine-5.4.2.jar;C:\Users\Clayton Mercer\.m2\repository\org\junit\platform\junit-platform-engine\1.4.2\junit-platform-engine-1.4.2.jar;C:\Users\Clayton Mercer\.m2\repository\org\junit\platform\junit-platform-commons\1.5.2\junit-platform-commons-1.5.2.jar;"/>
    <property name="sun.cpu.endian" value="little"/>
    <property name="user.home" value="C:\Users\Clayton Mercer"/>
    <property name="user.language" value="en"/>
    <property name="java.specification.vendor" value="Oracle Corporation"/>
    <property name="java.version.date" value="2018-07-17"/>
    <property name="java.home" value="C:\Program Files\Java\jdk-10.0.2"/>
    <property name="file.separator" value="\"/>
    <property name="basedir" value="C:\MAMP\htdocs\Knuth\javaships"/>
    <property name="java.vm.compressedOopsMode" value="Zero based"/>
    <property name="line.separator" value="&#10;"/>
    <property name="java.specification.name" value="Java Platform API Specification"/>
    <property name="java.vm.specification.vendor" value="Oracle Corporation"/>
    <property name="java.awt.graphicsenv" value="sun.awt.Win32GraphicsEnvironment"/>
    <property name="surefire.real.class.path" value="C:\Users\CLAYTO~1\AppData\Local\Temp\surefire7447890067097152477\surefirebooter899037963571597839.jar"/>
    <property name="user.script" value=""/>
    <property name="sun.management.compiler" value="HotSpot 64-Bit Tiered Compilers"/>
    <property name="java.runtime.version" value="10.0.2+13"/>
    <property name="user.name" value="Clayton"/>
    <property name="path.separator" value=";"/>
    <property name="os.version" value="10.0"/>
    <property name="java.runtime.name" value="Java(TM) SE Runtime Environment"/>
    <property name="file.encoding" value="Cp1252"/>
    <property name="java.vm.name" value="Java HotSpot(TM) 64-Bit Server VM"/>
    <property name="java.vendor.version" value="18.3"/>
    <property name="localRepository" value="C:\Users\Clayton Mercer\.m2\repository"/>
    <property name="java.vendor.url.bug" value="http://bugreport.java.com/bugreport/"/>
    <property name="java.io.tmpdir" value="C:\Users\CLAYTO~1\AppData\Local\Temp\"/>
    <property name="java.version" value="10.0.2"/>
    <property name="user.dir" value="C:\MAMP\htdocs\Knuth\javaships"/>
    <property name="os.arch" value="amd64"/>
    <property name="java.vm.specification.name" value="Java Virtual Machine Specification"/>
    <property name="java.awt.printerjob" value="sun.awt.windows.WPrinterJob"/>
    <property name="sun.os.patch.level" value=""/>
    <property name="idea.version2019.3.4" value="true"/>
    <property name="java.library.path" value="C:\Program Files\Java\jdk-10.0.2\bin;C:\WINDOWS\Sun\Java\bin;C:\WINDOWS\system32;C:\WINDOWS;C:\Program Files (x86)\Common Files\Oracle\Java\javapath;C:\Windows\system32;C:\Windows;C:\Windows\System32\Wbem;C:\Windows\System32\WindowsPowerShell\v1.0\;C:\Windows\System32\OpenSSH\;C:\Program Files (x86)\NVIDIA Corporation\PhysX\Common;C:\Program Files\Git\cmd;C:\Program Files\PuTTY\;C:\Program Files\NVIDIA Corporation\NVIDIA NvDLISR;C:\ProgramData\ComposerSetup\bin;C:\WINDOWS\system32;C:\WINDOWS;C:\WINDOWS\System32\Wbem;C:\WINDOWS\System32\WindowsPowerShell\v1.0\;C:\WINDOWS\System32\OpenSSH\;C:\xampp\php;C:\Program Files\dotnet\;C:\Program Files\nodejs\;C:\Program Files\MySQL\MySQL Shell 8.0\bin\;C:\Users\Clayton Mercer\AppData\Local\Programs\Python\Python38\Scripts\;C:\Users\Clayton Mercer\AppData\Local\Programs\Python\Python38\;C:\Users\Clayton Mercer\AppData\Local\Microsoft\WindowsApps;C:\Users\Clayton Mercer\AppData\Local\GitHubDesktop\bin;C:\Users\Clayton Mercer\AppData\Local\Programs\Microsoft VS Code\bin;C:\Users\Clayton Mercer\AppData\Roaming\Composer\vendor\bin;C:\Users\Clayton Mercer\AppData\Local\Microsoft\WindowsApps;C:\Users\Clayton Mercer\.dotnet\tools;C:\Users\Clayton Mercer\AppData\Roaming\npm;."/>
    <property name="java.vendor" value="Oracle Corporation"/>
    <property name="java.vm.info" value="mixed mode"/>
    <property name="java.vm.version" value="10.0.2+13"/>
    <property name="sun.io.unicode.encoding" value="UnicodeLittle"/>
    <property name="java.class.version" value="54.0"/>
  </properties>
  <testcase name="testShipCollectionFromString_Content" classname="edu.bsu.cs420.javaships.ShipTest" time="0.023"/>
  <testcase name="testCreateShipFromString_not_null" classname="edu.bsu.cs420.javaships.ShipTest" time="0.422"/>
  <testcase name="testCreateShipFromString_Mmsi" classname="edu.bsu.cs420.javaships.ShipTest" time="0.003"/>
  <testcase name="testCreateShipFromString_Name" classname="edu.bsu.cs420.javaships.ShipTest" time="0.003"/>
  <testcase name="testShipCollectionFromString_ShipAsList" classname="edu.bsu.cs420.javaships.ShipTest" time="0.001"/>
  <testcase name="testCreateShipFromString_Client" classname="edu.bsu.cs420.javaships.ShipTest" time="0.003"/>
  <testcase name="testToJsonObject_Client" classname="edu.bsu.cs420.javaships.ShipTest" time="0.001"/>
  <testcase name="testShipCollectionFromString_Size" classname="edu.bsu.cs420.javaships.ShipTest" time="0.001"/>
  <testcase name="testToJsonObject_Mmsi" classname="edu.bsu.cs420.javaships.ShipTest" time="0.001"/>
  <testcase name="testToJsonObject_Name" classname="edu.bsu.cs420.javaships.ShipTest" time="0"/>
</testsuite>